  DataServices.cpp
  Login.cpp
e:\c++ assessments\c++ project\salessystemforms-master\Payment.h(113): warning C4101: 'tempCartId': unreferenced local variable
e:\c++ assessments\c++ project\salessystemforms-master\Payment.h(117): warning C4101: 'product_cost': unreferenced local variable
e:\c++ assessments\c++ project\salessystemforms-master\Payment.h(115): warning C4101: 'totalAmount': unreferenced local variable
e:\c++ assessments\c++ project\salessystemforms-master\Store.h(367): warning C4244: 'argument': conversion from 'time_t' to 'unsigned int', possible loss of data
  Payment.cpp
e:\c++ assessments\c++ project\salessystemforms-master\Payment.h(113): warning C4101: 'tempCartId': unreferenced local variable
e:\c++ assessments\c++ project\salessystemforms-master\Payment.h(117): warning C4101: 'product_cost': unreferenced local variable
e:\c++ assessments\c++ project\salessystemforms-master\Payment.h(115): warning C4101: 'totalAmount': unreferenced local variable
  SignUp.cpp
e:\c++ assessments\c++ project\salessystemforms-master\Payment.h(113): warning C4101: 'tempCartId': unreferenced local variable
e:\c++ assessments\c++ project\salessystemforms-master\Payment.h(117): warning C4101: 'product_cost': unreferenced local variable
e:\c++ assessments\c++ project\salessystemforms-master\Payment.h(115): warning C4101: 'totalAmount': unreferenced local variable
e:\c++ assessments\c++ project\salessystemforms-master\Store.h(367): warning C4244: 'argument': conversion from 'time_t' to 'unsigned int', possible loss of data
  Store.cpp
e:\c++ assessments\c++ project\salessystemforms-master\Payment.h(113): warning C4101: 'tempCartId': unreferenced local variable
e:\c++ assessments\c++ project\salessystemforms-master\Payment.h(117): warning C4101: 'product_cost': unreferenced local variable
e:\c++ assessments\c++ project\salessystemforms-master\Payment.h(115): warning C4101: 'totalAmount': unreferenced local variable
e:\c++ assessments\c++ project\salessystemforms-master\Store.h(367): warning C4244: 'argument': conversion from 'time_t' to 'unsigned int', possible loss of data
  Generating Code...
e:\c++ assessments\c++ project\salessystemforms-master\dataservices.cpp(49): warning C4715: 'DataServices::Authentication': not all control paths return a value
e:\c++ assessments\c++ project\salessystemforms-master\dataservices.cpp(95): warning C4715: 'DataServices::SelectCategory': not all control paths return a value
  DataServices.obj : /DEBUG:FASTLINK is not supported when managed code is present; restarting link with /DEBUG:FULL
  salesSystemDemo.vcxproj -> E:\C++ Assessments\C++ Project\salesSystemForms-master\x64\Debug\salesSystemDemo.exe
  salesSystemDemo.vcxproj -> E:\C++ Assessments\C++ Project\salesSystemForms-master\x64\Debug\salesSystemDemo.pdb (Partial PDB)
